TN:
SF:anno/__init__.py
DA:1,1,1B2M2Y8AsgTpgAmY7PhCfg
LF:0
LH:1
end_of_record
TN:
SF:anno/asgi.py
DA:10,0,7Z9Lj4ed27Wf2hBX6jooEA
DA:12,0,Gm8pPhzNOH7Bz+OwKDMufw
DA:14,0,KCL3Q4tWAJ77T17wl+Dk4w
DA:16,0,2OmJnB6pRpGaLs9oAbnK8w
LF:4
LH:0
end_of_record
TN:
SF:anno/settings.py
DA:1,1,1+9wdnNK6ERHmSA06tdyPQ
DA:13,1,6vWAvNsegNqafFN4IKLrhg
DA:16,1,GEubKfcv5kNEKQ2gsR77pQ
DA:23,1,8KOz7gmsgX8WUyWHwkOxeQ
DA:26,1,j1NgDSr1OtWqMa1DLEVyOA
DA:28,1,g9BS0lDpJjAegMpLf0ih0A
DA:33,1,aXpnsKiauQ4YJb7Rs8SB8g
DA:46,1,kDxHidPpDU6rCUg/u/Dgxg
DA:56,1,wftBZ744aWRICZd0+IUqjQ
DA:58,1,ZbjHVKIq27sseOU7jVKxYA
DA:76,1,czSUACcme8JmAIGt+mMMnQ
DA:82,1,4GnqaFs1kQE2m+xFaLsNAQ
DA:93,1,e5jbD3H8x+63F/QjmXWL9A
DA:112,1,J5qxb1AUPe0e5sxQ0u+5EA
DA:114,1,yBXWTywPZit5pKXa1nkAjw
DA:116,1,YkdQlL9oK/9cnr5u2IN9lw
DA:118,1,OS0aC9IhHw01MrLpDb0Nyg
DA:124,1,YNYrfHQYbprH/Z+h76W/Pw
DA:129,1,60UnWblvJBKeUprkhWgTIw
DA:131,1,ANNODGNLxpwYMJLd80L0iw
LF:19
LH:20
end_of_record
TN:
SF:anno/urls.py
DA:1,1,Pqdj7Cio6ZNSRY9T1cERoQ
DA:16,1,9lfAl6pAcW/0Z2hwknPoZg
DA:17,1,u4MOLquPGIEt4s0R9R/QeA
DA:18,1,t90H947FAJc2ZEKxh6E3qA
DA:19,1,4F1bJ3lTEkRzBma/kcEhIw
DA:22,1,CAoligC0HobTA4MaoLsTvw
LF:5
LH:6
end_of_record
TN:
SF:anno/wsgi.py
DA:10,0,7Z9Lj4ed27Wf2hBX6jooEA
DA:12,0,pDAjHXQqww7AfHla7iMBLw
DA:14,0,KCL3Q4tWAJ77T17wl+Dk4w
DA:16,0,fqywt/6tdFJ4zvYVDYNc7Q
LF:4
LH:0
end_of_record
TN:
SF:metadata/__init__.py
DA:1,1,1B2M2Y8AsgTpgAmY7PhCfg
LF:0
LH:1
end_of_record
TN:
SF:metadata/admin.py
DA:1,1,9lfAl6pAcW/0Z2hwknPoZg
LF:1
LH:1
end_of_record
TN:
SF:metadata/apps.py
DA:1,1,u2bngjsORypcYx0WZShHEQ
DA:4,1,cP+cGnlVTAPz0jqKCFoEkg
DA:5,1,1K+FYViPAQ4DUFY+5FSmeA
DA:6,1,9f5AolwytRzEfiENPfL+Xg
LF:4
LH:4
end_of_record
TN:
SF:metadata/forms.py
DA:1,1,SY8G7tZNzHS1r+bD3S6+2Q
DA:2,1,+pregwbFGoeupWM5/jQ4XQ
DA:4,1,dEmgQO9nEi2ZpIHDiGVrfw
DA:5,1,zujhgs/eNGqYdvFNYGDEIw
LF:4
LH:4
end_of_record
TN:
SF:metadata/management/commands/load_annotated.py
DA:1,1,xmMLoYBW1BFhJ6Xn+A/vug
DA:2,1,6vWAvNsegNqafFN4IKLrhg
DA:3,1,4xkaix3vve1F/vvx9cSWEg
DA:4,1,WpEjgxacqgxANZhpobgHYQ
DA:6,1,SbW7JW+ssr0A+8EsJR+fkw
DA:7,1,d8h/dNl0QgsMDlx8GgIq8w
DA:9,1,QowvZXt28MSQfN5bbw3zHw
DA:10,1,Of16JvMLtjnT5BOVsLBi3Q
DA:11,1,L1Cjh21pwxRWhm4+HeRjKA
DA:12,1,XcxPysNBJFeiqy1OX7cGoA
DA:14,1,+8cV8IOZ2RiL8KWCWz2e2g
DA:15,1,ihDQsHwOPsZYfBp3yc36EQ
DA:17,1,w/w1Ik1Zozvyd546L+VVig
DA:19,1,aqykWtklcZdzkJ7sPJsRXg
DA:20,1,rG/d7xf1FczZbeLApJM4SA
DA:22,1,EQdFFVKgkDCBzOlishCKZg
DA:23,1,a6x21CB43VvTwPDfIRrBKA
DA:24,1,hu6Vzr0p2pehSklI/WvO+Q
DA:25,1,f4AMTNJJ/n02XUiwNIf94Q
DA:26,1,2yOR4SPNZudkxhzbYJXqbQ
DA:27,1,Z4vGA0sDC+oX3KbJhwekZg
DA:29,1,oaMxUZ0mXWQhjLihPsuPYg
DA:30,1,sFsS4SxaeuEI82YuSG4sog
DA:32,1,eJ6zrxnLWn/k18a2vHOhRA
LF:24
LH:24
end_of_record
TN:
SF:metadata/migrations/0001_initial.py
DA:3,1,+Bn9njepQ2dHvD5+3yn57A
DA:4,1,6OWePpCD2YI+7d/KhOll3g
DA:7,1,MnA4k0SM/22Cwim/E6NY6g
DA:9,1,jf/wjTDBx4R+Q8krLMEd9w
DA:11,1,RgCUKnxinw4850Djdqrmig
DA:15,1,tpXiFpdeMonS2Zx8MtuGvg
LF:6
LH:6
end_of_record
TN:
SF:metadata/migrations/0002_match_eco.py
DA:3,1,+Bn9njepQ2dHvD5+3yn57A
DA:4,1,6OWePpCD2YI+7d/KhOll3g
DA:7,1,MnA4k0SM/22Cwim/E6NY6g
DA:9,1,RgCUKnxinw4850Djdqrmig
DA:14,1,tpXiFpdeMonS2Zx8MtuGvg
LF:5
LH:5
end_of_record
TN:
SF:metadata/migrations/0003_rename_eco_match_book.py
DA:3,1,9PVYFFaFapJ9d3MNl6bpJQ
DA:6,1,MnA4k0SM/22Cwim/E6NY6g
DA:8,1,RgCUKnxinw4850Djdqrmig
DA:12,1,tpXiFpdeMonS2Zx8MtuGvg
LF:4
LH:4
end_of_record
TN:
SF:metadata/migrations/0004_alter_match_result.py
DA:3,1,+Bn9njepQ2dHvD5+3yn57A
DA:6,1,MnA4k0SM/22Cwim/E6NY6g
DA:8,1,RgCUKnxinw4850Djdqrmig
DA:12,1,tpXiFpdeMonS2Zx8MtuGvg
LF:4
LH:4
end_of_record
TN:
SF:metadata/migrations/__init__.py
DA:1,1,1B2M2Y8AsgTpgAmY7PhCfg
LF:0
LH:1
end_of_record
TN:
SF:metadata/models.py
DA:1,1,yfPUERHh60V1p6I2zbbenA
DA:2,1,N+b8BYL77gUIN+e400ZTGw
DA:4,1,hKrq+E5qNmTYYtbu6v/ryQ
DA:5,1,CcrtAp4SlXTN6IxFBEFRlw
DA:6,1,BP+2/qxNJS+Y1pwJV6akiw
DA:7,1,p8I8Ra2kG9OBXkOex0M5Dg
DA:8,1,R7WRLpFGehA9UjVVQMX+JQ
DA:10,1,vrTAxRMA/FRmlNIASPXLug
DA:11,1,PdeqDqr4bOft68ON3+/7kg
DA:13,1,MlOCbDe43l0gf4bJxBuTKw
DA:14,1,EIZXOzx/JdQ12Vc+r82V7A
DA:15,1,CcrtAp4SlXTN6IxFBEFRlw
DA:16,1,81nM+f940eLFRVijzU1IRg
DA:17,1,Y0zr7SMrozDQeLpaHwkbEw
DA:18,1,7Z31b6A8t5jrKdLBk1INwQ
DA:19,1,ez+Q9R9ohjsf+N7D9P2LdQ
DA:21,1,SG51BTDJnd6unRGFV+f6/w
DA:22,1,PdeqDqr4bOft68ON3+/7kg
DA:24,1,qUA5IcTQarQmhaJC8cmkCQ
DA:25,1,7RSqu0kg8Dx0KfvSOlUy8A
DA:26,1,0BqPC7r0sfaORDywI286tw
DA:27,1,ZvtYm4DWYfzKz1r6WIwRAg
DA:28,1,XvwyDTqM4pkU7Mq/z2BG/Q
DA:29,1,lMwLCs8D9+EGFTWe3309GQ
DA:30,1,ULC+yMKA1QcWiykIZ5cnJg
DA:31,1,+SpKUlGKdgcjvEYAGcdoVQ
DA:32,1,vLh0pL/GK299UxFKLwy7RA
DA:33,1,cai/bIifIFZ75tN8NgJa9g
DA:34,1,n9sKzHU1d00d9ypeA8txNQ
DA:35,1,te72GRTpl8Ew4zocSAX0cA
DA:37,1,HmADa1g/W1C2Vo9Wm4sNNA
DA:38,1,2pxR+Z9xE3M/W6ymzM6wFA
DA:39,1,S0pOpcM4lXAlUlnnAt+6oA
DA:40,1,H/qhsCsQ6ap4Jn1GandX3w
DA:41,1,p4Rek3M8amsFk3pMbl3kFQ
DA:43,1,HmADa1g/W1C2Vo9Wm4sNNA
DA:44,1,9YtPN97IRmpDwJPgNZJjfQ
DA:45,1,RywbJ/uDH4cTVgJEYUduFw
DA:46,1,rFzAKW4GL8Esk5A6+at1JA
DA:47,1,oEkGE7igpZqhMQAtQvIrJQ
DA:48,1,4y140OmfL8lt4w34LOkUAA
DA:49,1,n1wFTn9PN0JFzyYhtoxdnA
DA:50,1,RoBlfig6qsqorpX98m7+qw
DA:52,1,QRjJ4gU7o0xfmVsALIok4A
DA:54,1,HmADa1g/W1C2Vo9Wm4sNNA
DA:55,1,RM6bRz8ThUOzRye9gugGZg
DA:56,1,RywbJ/uDH4cTVgJEYUduFw
DA:57,1,CMFfrRguXcBK6zCz6ovvjA
DA:58,1,oEkGE7igpZqhMQAtQvIrJQ
DA:59,1,YcoVkFPDCdxbkXcq8LaYVA
DA:60,1,n1wFTn9PN0JFzyYhtoxdnA
DA:61,1,4lhlecet203pMI38vXgAZQ
DA:63,1,g3P2WC7jYOMT4ylLxXcIQQ
DA:65,1,HmADa1g/W1C2Vo9Wm4sNNA
DA:66,1,lUWNvAG8AFshS8ws2a4oiw
DA:67,1,YTSQyUD24WdMRqnR4I5y1g
DA:69,1,zTDYY1VjAo/xdADkB/c7Rw
DA:70,1,PdeqDqr4bOft68ON3+/7kg
DA:72,1,zg8WNkr8RZpGA17b5CPzYw
DA:73,1,ix+6dF9qCqrdV/T82oCUNQ
DA:74,1,lWemvrGtaHf5+N3Iux90Lg
DA:75,1,YyNuf2kbNq9AMAODOC+j0Q
DA:76,1,PWxhL2cfLwWnvY96cScukQ
DA:77,1,3jC2W9LL9aMPVm3iXb3MjQ
LF:64
LH:64
end_of_record
TN:
SF:metadata/tests.py
DA:1,1,gmYn3KjZZWyoGQ115w87nQ
DA:2,1,7Z9Lj4ed27Wf2hBX6jooEA
DA:3,1,L/jqrDHxbfUd/SDMFGHfTA
DA:4,1,4xkaix3vve1F/vvx9cSWEg
DA:5,1,EhDdYjKXLfrTrX7/hQZgLA
DA:7,1,/dwhbYbbC538dFPR6g6yBQ
DA:8,1,QowvZXt28MSQfN5bbw3zHw
DA:9,1,4vAoP4u4QudR3QfztChvJA
DA:10,1,C3BjuF50D91JN6BZ/hdPGA
DA:11,1,j8PtQ4CnEOUBP9yzvoWyzA
DA:13,1,q3SepeoySA/l4jo2eZnzaQ
DA:14,1,Y6pzaWKKM7u9nP0G0Va4Kw
DA:15,1,l/Bb/+bluysjbjnE1tLI6w
DA:16,1,O7fzU9iPrVpW9G1DP9O3nA
DA:17,1,DJYtzOAwTjAK4rhwBSzT9Q
DA:19,1,0GVY0HzlZkyoYjUx2Zjuiw
DA:21,1,OixVbaJSLi2AAkkEyrlaKQ
DA:22,1,WbzkXkBmpeE5Z8gSlIfuvA
DA:23,1,mEFY8b9TwWpxTNREMIimGg
DA:24,1,e1yivFIwykl5KP+ubJWxNg
DA:26,1,/bAkqwDfZ0ZdWq7cc5BrRg
DA:33,1,upwDbM6d5OfC4yECCRyelA
DA:35,1,vIk1Ahme37cA0R1ZcfjChg
DA:42,1,upwDbM6d5OfC4yECCRyelA
DA:44,1,lLu2v7DJBOovusK0+NtN/A
DA:51,1,upwDbM6d5OfC4yECCRyelA
DA:53,1,GoAEsgAUqevoni0IJsKRjQ
DA:59,1,upwDbM6d5OfC4yECCRyelA
DA:61,1,uOaglWmkdNPWwIf3TnVfag
DA:75,1,upwDbM6d5OfC4yECCRyelA
DA:77,1,PbjdsQvrhnuNTESsjYX5Fw
DA:87,1,FR0cVPHxRA5BX+MZ5Is/kw
DA:93,1,LFg+v/P2B60f60ukhDvA+Q
DA:100,1,KPjqVCymrcs97DQHXDd2kQ
DA:101,1,zF16X3eIoNfIblZMnfk/0g
DA:117,1,KAJWUK7fZSR/mSrtVKA3IA
DA:118,1,vwmTdUHT4rrYF64T7PnXHw
DA:119,1,TxBlq2q0+AHcXu6oAG2J+Q
DA:120,1,c9FK2XYCcI+YQJjQJ6Eh2g
DA:121,1,m4HbCFn7GdWVfQSvjcCDHw
DA:123,1,MmJCjkzuVhgfuLCnOTiV4g
DA:124,1,NVzGon99EJyFtzpiLLqxUQ
DA:125,1,LbjHDU95AgWR59I9l4XajA
DA:126,1,PC3E4i+7TxrF7aEx8VmWCQ
DA:127,1,e5aIfhWOazU4B9mAP3mDiQ
DA:129,1,SrQWyWGLJEcvop7ERNnQGw
DA:130,1,bPw+qGX5WaQaXE62+ElqgQ
DA:131,1,cRqRg7iaMPr9waY9CA5TAQ
DA:132,1,ifCYc0qDGlzG0PH3vFQI1A
DA:134,1,PpOIQA0/+GvtuR3H6N1oaQ
DA:135,1,z5BPzxPKIs3NdTme8wf5zw
DA:137,1,AXLTrKqPY8WYEWV3919hXA
DA:138,1,C13Y5NFUAIjZj3J9jKAfMQ
DA:139,1,c3FobJRJK1SpxDV3Gxyp4Q
DA:140,1,rS8pcYrBsO/r+3ePfGJ5uQ
DA:141,1,PnejHh1v2mKvsClYtqC/ZA
DA:142,1,NADQqZBf/LZEMpZLIinvFA
DA:143,1,93PjA3eeydKkTAUB0TdYOQ
DA:144,1,0uxqWqRBUKjtb98sVyZGhg
DA:145,1,FlVL7YCw5SuprBoLUqLnEg
DA:146,1,FfbYRx/vjikW4Mz/gq3ACw
DA:147,1,GCEmpd/5QWe67n1ZlAC6/Q
DA:148,1,WojvdAYeGQALCTbteUktkw
DA:149,1,QlIpI9XjijEYWO6B+AGvwg
DA:151,1,+7OUTnNY/HTZRvnTYYdUYQ
DA:152,1,Ek7LR2XnNdEfHRDU4oUQZw
DA:153,1,NiVWwqeByxgnUA76xzCdZw
DA:155,1,FcgNRx1O+yI4K2b+Vomp/A
DA:156,1,VDVF+OUVVgTdxP/QRtbYwA
DA:157,1,gg/9rOdE2SBMdyEeclXgvg
DA:158,1,5UDTzjgGpTv2DmRsshUXnA
DA:159,1,0YLkRLvRDX+DAHPukZouxQ
DA:160,1,87D9tSwfvQDi5513K1MoIw
DA:161,1,xTizrTuODLwoaA44oX0Dfg
DA:162,1,HLcwB9k9Whm298OYK3TJJg
DA:163,1,qEpCmsk2K1JattWg48MUYw
DA:164,1,UjcmQmrhsPSehEn8LhpfOA
DA:165,1,f4wXWqTV7jx1Fd8ejfcQww
DA:166,1,wHYmYj5f0J4wn4IIYWKvhg
DA:167,1,NXdxQDWuV9rfRH9qpP1tWA
DA:168,1,33AL1H6Z4TNTo7p3LLziog
DA:169,1,+d1dJcxlfg4f96K9LoHOiQ
DA:170,1,l1r/u5GiXoLKrtzIQ90PAQ
DA:171,1,jMl8SjDK1CMX5LUM2R1rcw
DA:172,1,eU7LmSO4bc5DZKu88IXjPQ
DA:173,1,c3M+u9A1fOc94ui+Rlh87A
DA:174,1,0WWWyRmor+axHdT4Fx4WpA
DA:175,1,ys8W1iM7YXERoEnp4M1xUg
DA:176,1,lxBIgKrQGYLHkczvv6ubaw
DA:177,1,pow+U5bhJw/Qul++rG5HJg
DA:178,1,b40Wd39rTqF3H7Vz0aT5Xg
DA:179,1,9IdVG/ENzzVbLhagKboYEA
DA:180,1,fa/9mZ+kvldvdHU9yu4V0g
DA:181,1,wXIa4gAfrcA2Wi4NHfgbOA
DA:182,1,atfEK9vefUoDIW3OrfDhog
DA:183,1,tFYsr7oKuN51vm+3mjIPNA
DA:184,1,1nL2eSMLEZSsLmfaLl/bnA
DA:187,1,giCOles8DTEBDIqQAFOVig
DA:188,1,WRp/qF5WTay7uDan6KV13g
DA:189,1,XbzOthuMf8OzG/FLdk3vVQ
DA:190,1,I7D/TkcFkZixS0ESuowFDA
DA:191,1,6IGpKyNenIBm7Y/qLil9Ew
DA:193,1,OTRxJ7PR8QnBuqkh4dCXtA
DA:194,1,YJkT0F4rLDWmfAP2Iela6Q
DA:195,1,3SoRmPJNg8dsGXsV9iFIAQ
DA:197,1,VImw33OYUqmy1C66lVOxmQ
DA:198,1,mJrqXquAxbvrtDctPGATvQ
DA:199,1,jR9on6LMjIxHPSwafsatvA
DA:200,1,O5TmpnQYXvY18Z7Z/eLvCA
DA:201,1,H+8iriAMYD/4+YMKt8s2rA
DA:203,1,FE/lWHa5+29QmCljtYxqaA
DA:204,1,9vhIunlpOGHQgSk+fFBxCg
DA:205,1,mJrqXquAxbvrtDctPGATvQ
DA:206,1,jR9on6LMjIxHPSwafsatvA
DA:207,1,sIsHW7u2b4QNlEaawgDhug
DA:209,1,OTw1EXKRQnfx1Gp+rTPryA
DA:210,1,evhToiV3szcn6Cv7Wtgbcg
DA:211,1,nU+GSK+/0jL1hBVBkuZ4xA
DA:213,1,Gb9kVFU3VHuLVvSonrndjQ
DA:214,1,nU+GSK+/0jL1hBVBkuZ4xA
DA:216,1,3Fb8LOpe3S5Ss/bAbZIFSw
DA:217,1,mJrqXquAxbvrtDctPGATvQ
DA:218,1,jR9on6LMjIxHPSwafsatvA
DA:220,1,h7rGk8NTwgwq7pByZ3vSww
DA:221,1,PAf4z9IZbxjdA1/gt/01Ag
DA:223,1,r42E7gjt3x3gM/lAwH8XRg
DA:224,1,RyA7Yb2qLOKe4XFQZwSuOA
DA:225,1,xzxTxaJus2JAheLBLKBwxw
DA:227,1,hJpBoUAgmov/ZlRZO71pbQ
DA:228,1,S+6DIuvo0f0sYSxDsvVSgQ
DA:235,1,aDKAUHfQ4IT9FuTUUWQU1g
DA:237,1,swnP/AOxcz5BKaVOhVCCIQ
DA:238,1,So/8oVSgyUJf4YyO6Kyg/w
DA:239,1,nLITnxSWGS4Y1M4gQm2fDw
DA:240,1,rKYz0IT0HFnC0Fur4575Lg
DA:241,1,BH1iHz8OzmIPS7pPiLixbA
DA:242,1,WWPgFjoJqtUrJ3kuJmr56Q
DA:243,1,ZPmtiIjYxmmEkpjVof1yhg
DA:244,1,ySfBOeOuxwSdhwMwhRosgw
DA:245,1,tZdViwiHsiEJOgD61JP5pQ
DA:246,1,IhQCzJsEEXqx2tLAf1MCFQ
DA:247,1,Iiji3ByExX3CieDSzllUQQ
LF:142
LH:142
end_of_record
TN:
SF:metadata/urls.py
DA:1,1,5uDKHXU24fYaLOLy2p7Ekg
DA:2,1,hBz23rqVSR1StAhInIn96w
LF:2
LH:2
end_of_record
TN:
SF:metadata/utils.py
DA:1,1,usL6GpKXVxVT8icw7bX7uQ
DA:2,1,p7hNY1S5rX9QtYADf+cK4g
DA:3,1,mTsxAvQxoYhT3flPPkpTVA
DA:4,1,4xkaix3vve1F/vvx9cSWEg
DA:6,1,NsbPInEwPOvn+RFo42RRpg
DA:7,1,d8h/dNl0QgsMDlx8GgIq8w
DA:8,1,QowvZXt28MSQfN5bbw3zHw
DA:9,1,5VRTxFd6S2NRgCcRB+YECw
DA:11,1,DJYtzOAwTjAK4rhwBSzT9Q
DA:13,1,c+WfAKqJQKQrxrx2ge5ZUQ
DA:14,1,O7fzU9iPrVpW9G1DP9O3nA
DA:16,1,E4P8SLh9uXGX7a13mORdmg
DA:17,1,JmUijsMz+PD1bDJ+mZVOYA
DA:18,1,i1Tvl/VIVGaxPbST2oL5nQ
DA:19,1,GFkUDYZFL8I4HC9OpncvLw
DA:21,1,5nCY56KVIPGfK/94gdx8zw
DA:22,1,/tu6Cm0xnY4zalNTR8Xp0w
DA:23,1,20NlF3eEt2iC9YLLhB9Uxw
DA:25,1,cx5MJD+jQVAyMWTwelKZ8g
DA:26,1,MY0Hh/B5+7+ryHrGuKpYnA
DA:27,1,RhFv8MS+OPx94Sr2b6Wqdw
DA:28,1,25ZfUq5cxCN46ps9ziokEg
DA:30,1,aYj/BAJ4WpcIKe5GCR7ZrA
DA:31,1,2a+3MxWomSRsiou8nADIvg
DA:33,1,fwQGg8UVPWWUAXWnc2Luog
DA:34,1,Tp+uRn2KoOSYVJkkRKs+kA
DA:35,1,5pU5JTKau1I8y6KJkGEEiQ
DA:37,1,zbqQJ92EuKzzQQsJXFHllA
DA:38,1,MY0Hh/B5+7+ryHrGuKpYnA
DA:40,1,+Uz7evmDahUom3ot83n0mA
DA:41,1,geJdDWx5kcvuxhrvpZwPLg
DA:43,1,pKP8GmEMvJYYjFXjL+rmDQ
DA:45,1,qsxgEL/7agELr6+hORjBGg
DA:56,1,u1prCSRiGnVmViEHOBUZ1A
DA:57,1,uPoQwq/G6IlFro6lKCC4cA
DA:58,1,3RurUbBiHM1LDkFxwqehwA
DA:59,1,w+5/EX30H4Vnwoi5w3mwWA
DA:61,1,FoJotE4hXsQ/O6Oq+tbXqQ
DA:62,1,zdSLvL1KtL4FfPWa0auXsQ
DA:63,1,j5oOcY9lmnbQhZkXiN1y8Q
DA:65,1,3EmIRQ6FRef6BF5cndO7WA
DA:67,1,rQWvzBtSNNcFDF+LAvmjkA
DA:68,1,Rd7eANVPWF7lAInKsO2IcA
DA:69,1,UMTE/rezuWcev6KpTCmwwg
DA:73,1,yqx62G1RCr3QVM8eCeuu4w
DA:76,1,EzePpYSfYZWHN86AXxtIsg
DA:77,1,hi0sTf/7Qqy8lOGimGTlRA
DA:78,1,+vciqGwuc2/4OV5VOaEUpg
DA:79,1,v0TFKUoROSIWFyv5sT38eg
DA:80,1,b8Efp2WzTfT4mLKHxv1L7w
DA:81,1,ykP+7XYCIGJSahtylsKSbQ
DA:82,1,q3fhlSV0ZCwLDlGWin/skA
DA:83,1,YTWlptadSXDskXlcRHdiQQ
DA:86,1,EQBIdfO4jaIpfSiH0RzH9A
DA:89,1,EzePpYSfYZWHN86AXxtIsg
DA:90,1,hi0sTf/7Qqy8lOGimGTlRA
DA:91,1,+vciqGwuc2/4OV5VOaEUpg
DA:92,1,v0TFKUoROSIWFyv5sT38eg
DA:93,1,b8Efp2WzTfT4mLKHxv1L7w
DA:94,1,ykP+7XYCIGJSahtylsKSbQ
DA:95,1,I8fTGrfq/wfBLBRj0+dEBw
DA:98,1,mPBKzgvYcehJ9DCPlSMqvw
DA:101,1,EzePpYSfYZWHN86AXxtIsg
DA:103,1,hi0sTf/7Qqy8lOGimGTlRA
DA:104,1,+vciqGwuc2/4OV5VOaEUpg
DA:105,1,v0TFKUoROSIWFyv5sT38eg
DA:106,1,b8Efp2WzTfT4mLKHxv1L7w
DA:107,1,ykP+7XYCIGJSahtylsKSbQ
DA:108,1,YTWlptadSXDskXlcRHdiQQ
DA:111,1,yLNSStt31D+JMVaSeBoPGg
DA:114,1,EzePpYSfYZWHN86AXxtIsg
DA:116,1,hi0sTf/7Qqy8lOGimGTlRA
DA:117,1,+vciqGwuc2/4OV5VOaEUpg
DA:118,1,v0TFKUoROSIWFyv5sT38eg
DA:119,1,b8Efp2WzTfT4mLKHxv1L7w
DA:120,1,ykP+7XYCIGJSahtylsKSbQ
DA:121,1,YTWlptadSXDskXlcRHdiQQ
DA:124,1,LUgg+vTJRsPSoyws/QGhHw
DA:125,1,eWvwOpB1CnrBS1PEOX2Q5A
DA:126,1,c7wc7QsG6S0IZIu6lUFQTA
DA:127,1,tvSHLU7at+wHyvXdCGfQTQ
DA:128,1,BJ+z/ZpZmviU6lvzzZKqYA
DA:129,1,NpqJeaV71jeA4Weld8XDYA
DA:130,1,nxwv5pGWBJgN56hYOvmZwQ
DA:131,1,WH1gWwDiJYl3MeOL/Xxq8w
DA:132,1,I3clk2sfdZP+IAmconlHxw
DA:133,1,S5Kl1hIOhzRvXqRwae9qnQ
DA:134,1,NAvgXmB7I61JtXyb3CLmZg
DA:135,1,YgSCbvX8h/2cPG3xgFdWsQ
DA:136,1,wLaxdmzw6yQQRBLYj4mHYw
DA:137,1,35Hz47J/I3q1it14+Dzplw
DA:138,1,MMjnIKnAtr5ZzWZMQR4b9Q
DA:140,1,T7PuHhdQY11RRfV6XBkxMQ
DA:141,1,W65zVESZXz+4T/e2wVW0QA
DA:144,1,ds5BILtipdDo9RDuOEiZuw
DA:145,1,qPIEcIa48gYLtBftXpNj7g
DA:146,1,OVwA3P2ICTzesaAqIVJFjA
DA:147,1,TMCRP5Yce5zoLz316/14YA
DA:149,1,G0bOeAE3WvRVmD8TFVS3LQ
DA:151,1,0jbMXXadB1aEbIMlTGymCw
DA:152,1,Wna1ireyqYSHP4FhiNPhuA
DA:153,1,TlWVRpcSkaf1n7R8AnF43w
DA:154,1,uzAOUnp7CYPMwehRYVNc/g
DA:155,1,ShWVYanoqNK/H9B4Gbsr4A
DA:156,1,Bs6CaFQZMUB5f5/hWJthog
DA:157,1,UkptxUTfoTiVUu2dt/PNTA
DA:158,1,i+9stD2RcCdQgFZ1PhYRzA
DA:159,1,QIp9klQbLWxBjDeYrivNTA
DA:160,1,TO5Yn2QTtaDHDbKPIkniZw
DA:161,1,CykHHLtAOIP45U0Xcxo/rw
DA:162,1,9GosflQAbTtQjwUB4yqPGw
DA:163,1,KiWFDW/C2WhWGgdiasIBtQ
DA:166,1,g8JRMZW07zBkRPs4ZP52GQ
DA:168,1,0OsO1ddHvfLo7waSY2aBtw
DA:169,1,g1Taq02bVm0niMf7QChg5Q
DA:172,1,Pq76HvIRvT20zZYZ4/laXw
DA:173,1,3VlLUCQ2PCZxG6Bozg7VsA
DA:174,1,kD+sngfcN92l99AOKB2lOw
DA:177,1,Iar+h1qOf41vGGSc70nNuQ
DA:178,1,uxHi11C0yEDsxWiwy8n+iQ
DA:179,1,4islCUnv+f02w2lX4ErA3g
DA:182,1,u9O9pmXfIUpNzH83BV6xeQ
DA:183,1,xvWIcpcyNr0gyGcTkdMxXw
DA:184,1,u/7FJFyvxagJiDARX1N/iA
DA:190,1,XLgi7gDioaV++XZ3LpmQcA
DA:191,1,l6d+/R0Uz5k+5alb57bzng
DA:192,1,n5xvhnmJKr0CT9xdDdmhJQ
DA:209,1,0f8ecYVNacznTPPCkdUFHw
DA:210,1,6HOeEsIRfBVguW4yo7mIyQ
DA:213,1,9SRMGoznKLiVYW7jxlnGug
DA:214,1,4AUbiciTVzQm8ePEBWIL+A
DA:215,1,5kGkGf2Sy04nSivX5+T00A
DA:219,1,bNoSTvloEfed8tpkvYr8Hg
DA:220,1,SHfrxgBceZzSmvPoD6acQA
DA:221,1,gFwxZ1TlGmjD7LOqOXO1Rg
DA:223,1,C165hTDJaOz0U6K1iQzUzw
DA:225,1,W0cJB8Ow9QR8kuxdcEhQKw
DA:226,1,wwubDXnriA/6/ZfOq+1GFA
DA:231,1,8mp9vKOaItxmvVrXKdV+IA
DA:232,1,xvWIcpcyNr0gyGcTkdMxXw
DA:233,1,Dwa2S53MECD2q14qYf0XbQ
DA:238,1,XLgi7gDioaV++XZ3LpmQcA
DA:239,1,l6d+/R0Uz5k+5alb57bzng
DA:240,1,1p53v/4bT8o/Cw/fejg1yw
DA:247,1,xjcDBnSwra0OiNOAYAwoHA
DA:248,1,0r2n1FXkE3kWcj1lJZuRGQ
DA:259,1,s/yhv+iZEqvWYC/VbxYCSg
DA:260,1,H0QMLIq1W7cHkhCmKATG6A
DA:261,1,joejIUJcnLWRw3db/QzqBQ
DA:274,1,P42hnSRTJJYAv8y5vJOZPg
DA:276,1,8L03pcwMxN99RfJ+RFS32A
DA:277,1,+rHtMpCZQTHPJezzs+OWGw
DA:280,1,yg4SkGj7/inKLLexrnb7dg
DA:281,1,o1CyCThCfl9t6R+07datYw
DA:284,1,fYFiGcktW/F0sradwp5E2A
DA:291,1,UxUWwNQzasYNlqEiDoI7Aw
DA:293,1,lnKvpuOwbAimsxKcX+KBpw
DA:294,1,9RuM0V9JelSd22ENtcIrGQ
DA:296,1,4otcv8oXIs/1zIwl+b9kFA
DA:297,1,/0zZOirpumGCCCDD1OAdyA
DA:298,1,3oI9nIVdwIIHEbasGQX4Aw
DA:300,1,gOmNUhnRdZN89pmZznTDyw
DA:301,1,QlhrQHXjP11C1DI0l3OeJA
DA:302,1,bTsXHDth1X5phpgybXCQOQ
DA:304,1,HRLKozmfXVzNFIr6MZxJdQ
DA:305,1,Ltd2VZgR3tMXYCAl0Q1sfA
DA:306,1,liUcc4RqNETDElE8h2RoCw
DA:307,1,tpMJlodh8UIVNd75dlISLw
DA:308,1,5YspfT+WnNV2bnQReml5yA
DA:310,1,mpyn8+yKhSUHgdg7nW07Sw
DA:312,1,O1cwgpdD3hgiz/vrzZbKyg
DA:314,1,KAKgIXjLSuBnvtP0XdkX+g
DA:321,1,pCFRM4APHlTfNfmoCYi45A
DA:122,0,DF3FMI4sn/731fD0KuePwQ
DA:142,0,Dwjd91USmMoWKfkSCVg/jg
DA:198,0,65SBCiHEP+xUcUP60NrRCA
DA:199,0,KM2u3XkKKOql1V3Ggqv72w
DA:205,0,a1ZmF92ijl6n+7nbzn4pVw
DA:216,0,Topc/AFGyeRUjMFb8vNLyw
DA:224,0,MDrvmx8Vxt6Q01+1SILTwA
DA:227,0,fCCx6koM8EOARstV19xuuA
DA:228,0,BDdbxb1sIg45gH0TiYxqrA
DA:256,0,WXjaAhBxLDRscdsDprYK0Q
DA:257,0,rjh/IPYy0LJnuqbbXRVspg
DA:258,0,LAZoDzvYc9KTkUuyxlWNaA
DA:278,0,COuZ0ks6hNUYCTRcQRYvMg
LF:186
LH:173
end_of_record
TN:
SF:metadata/views.py
DA:1,1,OWg3WQGu/PBo+R1vBn0S1Q
DA:2,1,xjGS1hd0L8715abGroenZw
DA:4,1,ZkueZyXhjeeCwaHXz57IIg
DA:5,1,hI9ZLXDR/TyivrSGuyvQ6g
DA:7,1,F7UC2mOGxBGFx7pb23Gd7Q
DA:8,1,DZbfzvfrdXLU1e+iVdw9Vg
DA:10,1,/s8pwgr2ZSpKkIIkJd6WJQ
DA:11,1,7qtI/Gj3AWH3SFDny4kofA
DA:12,1,HdXVWSswnEUqkZkV/tFChw
DA:13,1,9SuhvOoQk7H/erb/fk1rQA
DA:16,1,VBoJujH6RMOI4KLT548lIQ
DA:17,1,L4DFnIjur3o4pY1ggBBgzA
DA:18,1,J98/X17R//0eEMGK7TfQIQ
DA:20,1,Lly/HL+uwoOhOc5L6gNQSg
DA:21,1,gjMvngU+ToXmLTJ7KXe8NA
DA:22,1,8xJjGl4qS1t5ly+QJg6cng
DA:24,1,kpAfyb3s3OWyNxc0k+2uXg
LF:17
LH:17
end_of_record
TN:
SF:positions/__init__.py
DA:1,1,1B2M2Y8AsgTpgAmY7PhCfg
LF:0
LH:1
end_of_record
TN:
SF:positions/admin.py
DA:1,1,9lfAl6pAcW/0Z2hwknPoZg
LF:1
LH:1
end_of_record
TN:
SF:positions/apps.py
DA:1,1,u2bngjsORypcYx0WZShHEQ
DA:4,1,Ayz15PwR4VbE6Kh8xoG41A
DA:5,1,1K+FYViPAQ4DUFY+5FSmeA
DA:6,1,mRjEDdDCsxDUhwmUuhHPjQ
LF:4
LH:4
end_of_record
TN:
SF:positions/migrations/0001_initial.py
DA:3,1,+Bn9njepQ2dHvD5+3yn57A
DA:6,1,MnA4k0SM/22Cwim/E6NY6g
DA:8,1,jf/wjTDBx4R+Q8krLMEd9w
DA:10,1,RgCUKnxinw4850Djdqrmig
DA:13,1,tpXiFpdeMonS2Zx8MtuGvg
LF:5
LH:5
end_of_record
TN:
SF:positions/migrations/0002_alter_openingbook_positions.py
DA:3,1,+Bn9njepQ2dHvD5+3yn57A
DA:6,1,MnA4k0SM/22Cwim/E6NY6g
DA:8,1,RgCUKnxinw4850Djdqrmig
DA:12,1,tpXiFpdeMonS2Zx8MtuGvg
LF:4
LH:4
end_of_record
TN:
SF:positions/migrations/__init__.py
DA:1,1,1B2M2Y8AsgTpgAmY7PhCfg
LF:0
LH:1
end_of_record
TN:
SF:positions/models.py
DA:1,1,gmYn3KjZZWyoGQ115w87nQ
DA:2,1,yfPUERHh60V1p6I2zbbenA
DA:4,1,9swC1aDUT8PqwVBvOiDaVg
DA:5,1,OL5OCFUSZnpoD1F9h/7YuQ
DA:7,1,Hf1FlMT9FsIKsSxf3poBjw
DA:8,1,PdeqDqr4bOft68ON3+/7kg
DA:10,1,aCbZ6zkqDD9SamE+l2WaQA
DA:11,1,/ZvqiDY7XVzMiSFdpC6ZCg
DA:14,1,Vm1wx4swpK3NlMVXC68SKw
DA:15,1,iO2RDAald1PoKrGlepyvWw
DA:16,1,l84AQupqjfdFL/CjWxxHQA
DA:17,1,JkpOt5YDOLQjpUZ7npJKyA
DA:18,1,lEd59OWwZRoH4KlEx4DySw
DA:19,1,E9uQv1cA29b7J0gTUW0NHg
DA:20,1,BIf9Q3Qy1zE5Mc9/1rmGSA
DA:21,1,z1IcdD6glXY3Q9r/esQy2A
DA:22,1,vLl6IlKjCMlEiENC8bRzXg
DA:23,1,fQmPT9dbDxjNgbn0AeiFLw
DA:25,1,HmADa1g/W1C2Vo9Wm4sNNA
DA:26,1,tU61v08JiNShMCHw4sMH1A
DA:32,1,LE/KkRbkDg0sBJbR1FwFEg
DA:33,1,tzW2KqcD4svf9IGPFFGnqw
DA:34,1,4UA2L+DbVyqbetJDKKMRhQ
DA:36,1,HmADa1g/W1C2Vo9Wm4sNNA
DA:37,1,qV13n5SgJPDgM2fvf/1gkA
DA:43,1,KoGCWiRaKsqSFdA8Y2eHaw
DA:45,1,HmADa1g/W1C2Vo9Wm4sNNA
DA:46,1,sde5N6FnxyxgG+e93T3PkA
DA:52,1,dQjvXYdGrwuTikfjQl/HxA
DA:54,1,HmADa1g/W1C2Vo9Wm4sNNA
DA:55,1,duseZQwKGIzCuwjp5neSPg
DA:56,1,ctphCwpE6FqPYxDmu6tsIw
DA:58,1,M1PxRBbO5YFINBVhUbMlsg
DA:59,1,2Smk155ykHFv4aManA/aWw
DA:61,1,1Ix/Ta+kMg+olJ+Ss+Yq2w
DA:62,1,juW38dQzNhVaqTpZFXBd9w
DA:64,1,PZiqqn06CcHHNKVkxg5VWQ
DA:66,1,Dz71AEZ/dyEm613pL3cQXQ
DA:67,1,pL4yg2yt5qHqvbqbmHnnpg
DA:68,1,q3BjTaVWHxlr+XfOj2ZXrA
DA:69,1,yTogzRYFgb/8tirCvnEF7Q
DA:70,1,GDoD2WOnue3O5+OJ6CJ+9w
DA:72,1,HB4yIO1iyljTY8/arbQakg
DA:73,1,72zF1BufkHFhvodIn4r6sA
DA:63,0,1mneJuPVH+nNLjY6g9WOQw
LF:44
LH:44
end_of_record
TN:
SF:positions/tests.py
DA:1,1,9swC1aDUT8PqwVBvOiDaVg
DA:3,1,oO4SzcHzqhlAdL5XC5lDWg
DA:5,1,vid3p0gII/RkKEhC0qTkfw
DA:7,1,RcnUqhUHsLgsCuK+cYnvug
DA:8,1,75Xsf6CwvC1KYoKfSVwZ1g
DA:10,1,tnh28OcyQsvkWH8AfOer+w
DA:11,1,iOImpS2KPw4rt9ld81014w
DA:13,1,Y5BVQcC9NKiIHpHbrCuKQA
DA:14,1,YdvoNYdAvQ6U4HOKWv5dRw
DA:15,1,6WbG6SZaOEEwYpOOMVvy8w
DA:16,1,IHCVhEwCO0x+ffWbOb/yRg
DA:17,1,fMiI7VePuIrZivoKLyZ3nw
DA:18,1,A8yaiWAUN+ALQNeebucGIw
DA:19,1,n954U+XW9ZL+tz498PH56Q
DA:20,1,MpGH1V3FsGJTmr75Hqyjrg
DA:21,1,JPWO/9RNIFNmaiFM1Ws38w
DA:22,1,8BeeyArS9qIcU79Ix0IclA
DA:25,1,Y5BVQcC9NKiIHpHbrCuKQA
DA:26,1,YdvoNYdAvQ6U4HOKWv5dRw
DA:27,1,6WbG6SZaOEEwYpOOMVvy8w
DA:28,1,IHCVhEwCO0x+ffWbOb/yRg
DA:29,1,fMiI7VePuIrZivoKLyZ3nw
DA:30,1,A8yaiWAUN+ALQNeebucGIw
DA:31,1,n954U+XW9ZL+tz498PH56Q
DA:32,1,MpGH1V3FsGJTmr75Hqyjrg
DA:33,1,JPWO/9RNIFNmaiFM1Ws38w
DA:34,1,8BeeyArS9qIcU79Ix0IclA
DA:37,1,9juObAr1pdcmkoiunCgtjQ
DA:38,1,YdvoNYdAvQ6U4HOKWv5dRw
DA:39,1,6WbG6SZaOEEwYpOOMVvy8w
DA:40,1,0/d0vtCQCO5fhddNurPwqw
DA:41,1,Q6u2EuHirdlmnbWem9wuWw
DA:42,1,A8yaiWAUN+ALQNeebucGIw
DA:43,1,3l8F6JXAyikhRMrMQ7q+TQ
DA:44,1,1UVyDGND8cmB3SWNnubipg
DA:45,1,TvqSW+hkZuviMgeuwy6lGg
DA:46,1,cPVZiY5sRZrIj8SuXQBBzg
DA:48,1,yGjZo9l0LQZToqp5KjcsMA
DA:49,1,gsg0ywGAFfs20ZbZGOBnDg
DA:55,1,upwDbM6d5OfC4yECCRyelA
DA:56,1,RHsXOlZ5+yCIz1qn4saRkA
DA:58,1,6tWWpUyIBk7mkqc0Q3W83A
DA:59,1,tP+UFhgc0p88v9y3FA17uw
DA:60,1,P/TlD2UMGzfPe9IUvwR4wg
DA:62,1,uwbKRXUraIUyD/C6IwUCfQ
DA:63,1,j8wOQWAWw08eubHpz5JCCg
DA:65,1,36qwFnkazxvFB0bBdGaGxw
DA:66,1,whAnBWLvwp3YpFqOFF8C9g
DA:68,1,22L8x1wblk1VpODCrRbADQ
DA:69,1,2gnxhK1fCVazvuCTVBDCHw
LF:50
LH:50
end_of_record
TN:
SF:positions/urls.py
DA:1,1,fBkSNLcLk7Sdu5Qf0c/mEw
DA:2,1,hBz23rqVSR1StAhInIn96w
LF:2
LH:2
end_of_record
TN:
SF:positions/utils.py
DA:1,1,OL5OCFUSZnpoD1F9h/7YuQ
DA:2,1,9swC1aDUT8PqwVBvOiDaVg
DA:3,1,p7hNY1S5rX9QtYADf+cK4g
DA:5,1,Y0AD0Icy70mcRphqzifRrw
DA:7,1,AT0SjtQPgvu0PRkw7V//gA
DA:8,1,gk7/kuE8lL4QnyHQTpkKZA
DA:10,1,8Ohxg/dk2LUw4gQMjSvBgw
DA:11,1,ZL0wqTp7NBdpElIJa1fiwg
DA:12,1,ltaBy4KI8+nvYyn0hghNGw
DA:14,1,YMnvzHUtFciBvnIBIWPc+Q
DA:15,1,s+3zVQml00fU3LdhpDQ4Xg
DA:17,1,o7PKw5B+svL1gpY/hfGH7Q
DA:18,1,2KgbiNmU+lrIQdzFv1htRw
DA:19,1,XnuvG1FLd9x6/28Vk5UYSw
DA:21,1,b5v/zF0a6PIv+/u4jpDDZg
DA:23,1,HDuy5pD9oKKSf0MiQX9xZQ
DA:37,1,kQYwHYCPSpgelKAY7P6bUg
LF:17
LH:17
end_of_record
TN:
SF:positions/views.py
DA:1,1,OWg3WQGu/PBo+R1vBn0S1Q
LF:1
LH:1
end_of_record
